build/app/outputs/mapping/release/seeds.txt
com.example.docon.MainActivity
com.example.docon.MainActivity: MainActivity()
...
com.otpless.views.OnColorParseCallback
com.otpless.network.OtplessRepository$requestSnaOnCellularNetwork$1$1$1
com.google.android.gms.dynamic.IFragmentWrapper$Stub
androidx.startup.InitializationProvider
com.google.android.gms.fido.common.Transport
com.google.android.material.timepicker.ClockHandView
com.otpless.views.OtplessContainerView$1
com.google.android.material.snackbar.SnackbarContentLayout
androidx.appcompat.view.menu.ListMenuItemView
com.otpless.network.OtplessRepository$makeConnection$$inlined$CoroutineExceptionHandler$1
androidx.appcompat.widget.AppCompatButton
com.google.android.gms.common.GooglePlayServicesManifestException
com.google.android.gms.auth.api.credentials.CredentialsClient
com.google.android.gms.auth.api.credentials.HintRequest
androidx.preference.PreferenceScreen
androidx.appcompat.widget.FitWindowsFrameLayout
com.google.android.gms.internal.auth-api.zby
androidx.window.area.reflectionguard.ExtensionWindowAreaPresentationRequirements
androidx.preference.PreferenceCategory
com.google.android.material.sidesheet.SideSheetBehavior
com.otpless.network.SnaService
com.otpless.network.OtplessCellularNetworkImpl$forceCellular$1
com.otpless.utils.OtpReaderManager
com.otpless.network.OtplessRepository$requestSnaOnCellularNetwork$1
com.otpless.network.OtplessRepositoryKt
com.google.android.gms.auth.api.credentials.zbf
com.google.android.material.timepicker.ChipTextInputComboView
com.otpless.config.Configuration
androidx.preference.SwitchPreference
com.otpless.network.OtplessRepository$requestSnaOnCellularNetwork$1$1$data$1
com.google.android.gms.auth.api.credentials.IdToken
androidx.core.widget.NestedScrollView
com.otpless.tesseract.sim.OtplessSimStateReceiverApi
androidx.coordinatorlayout.widget.CoordinatorLayout
androidx.window.area.reflectionguard.WindowAreaComponentApi3Requirements
io.flutter.view.AccessibilityViewEmbedder
com.google.android.gms.internal.auth.zzan
androidx.core.app.unusedapprestrictions.IUnusedAppRestrictionsBackportCallback$Stub
com.otpless.utils.OtplessPhoneHintManagerImpl$Companion
com.otpless.network.OtplessCellularNetworkImpl$requestNetwork$1$1
com.otpless.network.OtplessCellularNetworkImpl$openWithDataCellular$1
com.otpless.network.ONetworkStatus
io.flutter.plugins.urllauncher.WebViewActivity
com.google.android.gms.common.api.internal.IStatusCallback$Stub
com.otpless.network.OtplessConnectivityManager
androidx.annotation.Keep
io.flutter.view.TextureRegistry$SurfaceProducer
com.google.android.gms.internal.auth-api.zbr
com.otpless.R$color
com.google.android.gms.auth.api.signin.internal.zba
com.google.android.gms.common.internal.service.zaa
androidx.window.extensions.core.util.function.Predicate
com.otpless.network.OtplessCellularNetwork
com.google.android.gms.internal.fido.zzb
com.otpless.otplessflutter.OtplessFlutterPlugin
android.support.v4.os.IResultReceiver$Stub
com.otpless.network.OtplessCellularNetworkImpl
com.google.android.gms.internal.auth-api-phone.zzd
com.google.android.gms.internal.auth-api.zbd
android.support.customtabs.ICustomTabsService$Stub
com.otpless.R$string
com.google.android.material.search.SearchBar$ScrollingViewBehavior
com.google.android.gms.common.GooglePlayServicesMissingManifestValueException
com.google.android.gms.auth.api.signin.internal.zbq
com.otpless.otplessflutter.R
com.otpless.tesseract.R
com.google.android.gms.dynamic.SupportFragmentWrapper
com.google.android.gms.internal.auth-api-phone.zzi
com.otpless.network.OtplessCellularNetworkImplV2$telephonyService$2
com.google.android.gms.auth.api.signin.internal.SignInHubActivity
com.otpless.web.NativeWebManager
com.otpless.web.OtplessWebView$1
com.otpless.dto.HeadlessRequest$1
com.otpless.dto.HeadlessRequest
com.otpless.utils.OtplessPhoneHintManagerKt
com.google.android.material.snackbar.BaseTransientBottomBar$Behavior
androidx.appcompat.widget.ViewStubCompat
com.otpless.tesseract.ApiData$Error
com.otpless.network.OtplessRepository$pushEvent$1
com.google.android.material.datepicker.MaterialDatePicker