build/app/outputs/mapping/release/usage.txt
com.example.docon.R$drawable
com.example.docon.R$mipmap
com.example.docon.R$style
com.example.docon.R
...
com.google.android.gms.common.internal.GmsClientSupervisor:
    public boolean bindService(android.content.ComponentName,android.content.ServiceConnection,java.lang.String)
    public boolean bindService(android.content.ComponentName,android.content.ServiceConnection,java.lang.String,java.util.concurrent.Executor)
    public boolean bindService(java.lang.String,android.content.ServiceConnection,java.lang.String)
    public static int getDefaultBindFlags()
    public static void setDefaultBindExecutor(java.util.concurrent.Executor)
    public static void setUseHandlerThreadForCallbacks()
    public void unbindService(android.content.ComponentName,android.content.ServiceConnection,java.lang.String)
    public void unbindService(java.lang.String,android.content.ServiceConnection,java.lang.String)
com.google.android.gms.common.internal.GmsLogger:
    public boolean canLog(int)
    public boolean canLogPii()
    public void d(java.lang.String,java.lang.String)
    public void d(java.lang.String,java.lang.String,java.lang.Throwable)
    public void e(java.lang.String,java.lang.String)
    public void e(java.lang.String,java.lang.String,java.lang.Throwable)
    public varargs void efmt(java.lang.String,java.lang.String,java.lang.Object[])
    public void i(java.lang.String,java.lang.String)
    public void i(java.lang.String,java.lang.String,java.lang.Throwable)
    public void pii(java.lang.String,java.lang.String)
    public void pii(java.lang.String,java.lang.String,java.lang.Throwable)
    public void v(java.lang.String,java.lang.String)
    public void v(java.lang.String,java.lang.String,java.lang.Throwable)
    public void w(java.lang.String,java.lang.String)
    public void w(java.lang.String,java.lang.String,java.lang.Throwable)
    public varargs void wfmt(java.lang.String,java.lang.String,java.lang.Object[])
    public void wtf(java.lang.String,java.lang.String,java.lang.Throwable)
    private final java.lang.String zza(java.lang.String)
    private final varargs java.lang.String zzb(java.lang.String,java.lang.Object[])
com.google.android.gms.common.internal.HideFirstParty
com.google.android.gms.common.internal.IAccountAccessor$Stub:
    public void <init>()
com.google.android.gms.common.internal.ICancelToken$Stub:
    public void <init>()
com.google.android.gms.common.internal.IGmsServiceBroker$Stub:
    public void <init>()
com.google.android.gms.common.internal.ImagesContract
com.google.android.gms.common.internal.LibraryVersion
com.google.android.gms.common.internal.MethodInvocation:
    public void <init>(int,int,int,long,long,java.lang.String,java.lang.String,int)
com.google.android.gms.common.internal.Objects:
    private void <init>()
    public static boolean checkBundlesEquality(android.os.Bundle,android.os.Bundle)
com.google.android.gms.common.internal.PendingResultUtil:
    public void <init>()
com.google.android.gms.common.internal.Preconditions:
    private void <init>()
    public static double checkArgumentInRange(double,double,double,java.lang.String)
    public static float checkArgumentInRange(float,float,float,java.lang.String)
    public static int checkArgumentInRange(int,int,int,java.lang.String)
    public static long checkArgumentInRange(long,long,long,java.lang.String)
    public static void checkHandlerThread(android.os.Handler,java.lang.String)
    public static void checkMainThread()
    public static void checkMainThread(java.lang.String)
    public static void checkNotMainThread()
    public static int checkNotZero(int)
    public static int checkNotZero(int,java.lang.Object)
    public static long checkNotZero(long)
    public static long checkNotZero(long,java.lang.Object)
    static varargs java.lang.String zza(java.lang.String,java.lang.Object[])
com.google.android.gms.common.internal.ResourceUtils
com.google.android.gms.common.internal.ServiceSpecificExtraArgs$CastExtraArgs
com.google.android.gms.common.internal.ServiceSpecificExtraArgs$GamesExtraArgs